2019-09-25 20:04:34.031  INFO 34072 --- [main] com.course.Application                   : Starting Application v1.0-SNAPSHOT on Lenovo-PC with PID 34072 (H:\G\BaiduNetdiskDownload\Auto_InterfaceTest\Chapter13\target\Chapter13-1.0-SNAPSHOT.jar started by Lenovo in H:\G\BaiduNetdiskDownload\Auto_InterfaceTest\Chapter13\target)
2019-09-25 20:04:34.040  INFO 34072 --- [main] com.course.Application                   : No active profile set, falling back to default profiles: default
2019-09-25 20:04:34.121  INFO 34072 --- [main] ationConfigEmbeddedWebApplicationContext : Refreshing org.springframework.boot.context.embedded.AnnotationConfigEmbeddedWebApplicationContext@504bae78: startup date [Wed Sep 25 20:04:34 CST 2019]; root of context hierarchy
2019-09-25 20:04:35.746  WARN 34072 --- [main] o.m.s.mapper.ClassPathMapperScanner      : No MyBatis mapper was found in '[com.course]' package. Please check your configuration.
2019-09-25 20:04:36.563  INFO 34072 --- [main] trationDelegate$BeanPostProcessorChecker : Bean 'org.springframework.transaction.annotation.ProxyTransactionManagementConfiguration' of type [org.springframework.transaction.annotation.ProxyTransactionManagementConfiguration$$EnhancerBySpringCGLIB$$a202fa85] is not eligible for getting processed by all BeanPostProcessors (for example: not eligible for auto-proxying)
2019-09-25 20:04:37.461  INFO 34072 --- [main] s.b.c.e.t.TomcatEmbeddedServletContainer : Tomcat initialized with port(s): 8889 (http)
2019-09-25 20:04:37.490  INFO 34072 --- [main] o.apache.catalina.core.StandardService   : Starting service Tomcat
2019-09-25 20:04:37.492  INFO 34072 --- [main] org.apache.catalina.core.StandardEngine  : Starting Servlet Engine: Apache Tomcat/8.5.14
2019-09-25 20:04:37.843  INFO 34072 --- [localhost-startStop-1] o.a.c.c.C.[Tomcat].[localhost].[/]       : Initializing Spring embedded WebApplicationContext
2019-09-25 20:04:37.844  INFO 34072 --- [localhost-startStop-1] o.s.web.context.ContextLoader            : Root WebApplicationContext: initialization completed in 3727 ms
2019-09-25 20:04:38.052  INFO 34072 --- [localhost-startStop-1] o.s.b.w.servlet.ServletRegistrationBean  : Mapping servlet: 'dispatcherServlet' to [/]
2019-09-25 20:04:38.058  INFO 34072 --- [localhost-startStop-1] o.s.b.w.servlet.FilterRegistrationBean   : Mapping filter: 'characterEncodingFilter' to: [/*]
2019-09-25 20:04:38.066  INFO 34072 --- [localhost-startStop-1] o.s.b.w.servlet.FilterRegistrationBean   : Mapping filter: 'hiddenHttpMethodFilter' to: [/*]
2019-09-25 20:04:38.066  INFO 34072 --- [localhost-startStop-1] o.s.b.w.servlet.FilterRegistrationBean   : Mapping filter: 'httpPutFormContentFilter' to: [/*]
2019-09-25 20:04:38.066  INFO 34072 --- [localhost-startStop-1] o.s.b.w.servlet.FilterRegistrationBean   : Mapping filter: 'requestContextFilter' to: [/*]
2019-09-25 20:04:39.688  INFO 34072 --- [main] s.w.s.m.m.a.RequestMappingHandlerMapping : Mapped "{[/v1/getUserInfo],methods=[POST]}" onto public java.util.List<com.course.model.User> com.course.controller.Manager.getUserInfo(javax.servlet.http.HttpServletRequest,com.course.model.User)
2019-09-25 20:04:39.690  INFO 34072 --- [main] s.w.s.m.m.a.RequestMappingHandlerMapping : Mapped "{[/v1/addUser],methods=[POST]}" onto public boolean com.course.controller.Manager.addUser(javax.servlet.http.HttpServletRequest,com.course.model.User)
2019-09-25 20:04:39.695  INFO 34072 --- [main] s.w.s.m.m.a.RequestMappingHandlerMapping : Mapped "{[/v1/login],methods=[POST]}" onto public java.lang.Boolean com.course.controller.Manager.login(javax.servlet.http.HttpServletResponse,com.course.model.User)
2019-09-25 20:04:39.695  INFO 34072 --- [main] s.w.s.m.m.a.RequestMappingHandlerMapping : Mapped "{[/v1/updateUserInfo],methods=[POST]}" onto public int com.course.controller.Manager.updateUser(javax.servlet.http.HttpServletRequest,com.course.model.User)
2019-09-25 20:04:39.698  INFO 34072 --- [main] s.w.s.m.m.a.RequestMappingHandlerMapping : Mapped "{[/v1/getCookies],methods=[GET]}" onto public java.lang.String com.course.controller.MyGetMethod.getCookies(javax.servlet.http.HttpServletResponse)
2019-09-25 20:04:39.699  INFO 34072 --- [main] s.w.s.m.m.a.RequestMappingHandlerMapping : Mapped "{[/v1/get/with/param],methods=[GET]}" onto public java.util.Map<java.lang.String, java.lang.Integer> com.course.controller.MyGetMethod.getList(java.lang.Integer,java.lang.Integer)
2019-09-25 20:04:39.700  INFO 34072 --- [main] s.w.s.m.m.a.RequestMappingHandlerMapping : Mapped "{[/v1/get/with/cookies],methods=[GET]}" onto public java.lang.String com.course.controller.MyGetMethod.getWithCookies(javax.servlet.http.HttpServletRequest)
2019-09-25 20:04:39.701  INFO 34072 --- [main] s.w.s.m.m.a.RequestMappingHandlerMapping : Mapped "{[/v1/get/with/param/{start}/{end}],methods=[GET]}" onto public java.util.Map com.course.controller.MyGetMethod.myGetLsit(java.lang.Integer,java.lang.Integer)
2019-09-25 20:04:39.702  INFO 34072 --- [main] s.w.s.m.m.a.RequestMappingHandlerMapping : Mapped "{[/v2/api-docs],methods=[GET],produces=[application/json || application/hal+json]}" onto public org.springframework.http.ResponseEntity<springfox.documentation.spring.web.json.Json> springfox.documentation.swagger2.web.Swagger2Controller.getDocumentation(java.lang.String,javax.servlet.http.HttpServletRequest)
2019-09-25 20:04:39.706  INFO 34072 --- [main] s.w.s.m.m.a.RequestMappingHandlerMapping : Mapped "{[/swagger-resources/configuration/ui]}" onto org.springframework.http.ResponseEntity<springfox.documentation.swagger.web.UiConfiguration> springfox.documentation.swagger.web.ApiResourceController.uiConfiguration()
2019-09-25 20:04:39.707  INFO 34072 --- [main] s.w.s.m.m.a.RequestMappingHandlerMapping : Mapped "{[/swagger-resources]}" onto org.springframework.http.ResponseEntity<java.util.List<springfox.documentation.swagger.web.SwaggerResource>> springfox.documentation.swagger.web.ApiResourceController.swaggerResources()
2019-09-25 20:04:39.708  INFO 34072 --- [main] s.w.s.m.m.a.RequestMappingHandlerMapping : Mapped "{[/swagger-resources/configuration/security]}" onto org.springframework.http.ResponseEntity<springfox.documentation.swagger.web.SecurityConfiguration> springfox.documentation.swagger.web.ApiResourceController.securityConfiguration()
2019-09-25 20:04:39.710  INFO 34072 --- [main] s.w.s.m.m.a.RequestMappingHandlerMapping : Mapped "{[/error]}" onto public org.springframework.http.ResponseEntity<java.util.Map<java.lang.String, java.lang.Object>> org.springframework.boot.autoconfigure.web.BasicErrorController.error(javax.servlet.http.HttpServletRequest)
2019-09-25 20:04:39.711  INFO 34072 --- [main] s.w.s.m.m.a.RequestMappingHandlerMapping : Mapped "{[/error],produces=[text/html]}" onto public org.springframework.web.servlet.ModelAndView org.springframework.boot.autoconfigure.web.BasicErrorController.errorHtml(javax.servlet.http.HttpServletRequest,javax.servlet.http.HttpServletResponse)
2019-09-25 20:04:40.116  INFO 34072 --- [main] s.w.s.m.m.a.RequestMappingHandlerAdapter : Looking for @ControllerAdvice: org.springframework.boot.context.embedded.AnnotationConfigEmbeddedWebApplicationContext@504bae78: startup date [Wed Sep 25 20:04:34 CST 2019]; root of context hierarchy
2019-09-25 20:04:40.243  INFO 34072 --- [main] o.s.w.s.handler.SimpleUrlHandlerMapping  : Mapped URL path [/webjars/**] onto handler of type [class org.springframework.web.servlet.resource.ResourceHttpRequestHandler]
2019-09-25 20:04:40.244  INFO 34072 --- [main] o.s.w.s.handler.SimpleUrlHandlerMapping  : Mapped URL path [/**] onto handler of type [class org.springframework.web.servlet.resource.ResourceHttpRequestHandler]
2019-09-25 20:04:40.285  INFO 34072 --- [main] o.s.w.s.handler.SimpleUrlHandlerMapping  : Mapped URL path [/**/favicon.ico] onto handler of type [class org.springframework.web.servlet.resource.ResourceHttpRequestHandler]
2019-09-25 20:04:40.580  INFO 34072 --- [main] o.s.j.e.a.AnnotationMBeanExporter        : Registering beans for JMX exposure on startup
2019-09-25 20:04:40.590  INFO 34072 --- [main] o.s.c.support.DefaultLifecycleProcessor  : Starting beans in phase 2147483647
2019-09-25 20:04:40.591  INFO 34072 --- [main] d.s.w.p.DocumentationPluginsBootstrapper : Context refreshed
2019-09-25 20:04:40.633  INFO 34072 --- [main] d.s.w.p.DocumentationPluginsBootstrapper : Found 1 custom documentation plugin(s)
2019-09-25 20:04:40.653  INFO 34072 --- [main] s.d.s.w.s.ApiListingReferenceScanner     : Scanning for api listing references
2019-09-25 20:04:41.180  INFO 34072 --- [main] s.b.c.e.t.TomcatEmbeddedServletContainer : Tomcat started on port(s): 8889 (http)
2019-09-25 20:04:41.188  INFO 34072 --- [main] com.course.Application                   : Started Application in 7.953 seconds (JVM running for 9.609)
2019-09-25 20:05:41.646  INFO 34072 --- [Thread-3] ationConfigEmbeddedWebApplicationContext : Closing org.springframework.boot.context.embedded.AnnotationConfigEmbeddedWebApplicationContext@504bae78: startup date [Wed Sep 25 20:04:34 CST 2019]; root of context hierarchy
2019-09-25 20:05:41.660  INFO 34072 --- [Thread-3] o.s.c.support.DefaultLifecycleProcessor  : Stopping beans in phase 2147483647
2019-09-25 20:05:41.663  INFO 34072 --- [Thread-3] o.s.j.e.a.AnnotationMBeanExporter        : Unregistering JMX-exposed beans on shutdown
2019-09-25 20:05:41.665  WARN 34072 --- [Thread-3] .s.c.a.CommonAnnotationBeanPostProcessor : Invocation of destroy method failed on bean with name 'application': java.lang.NullPointerException
